=== Project Structure Snapshot ===
Root: C:\Users\Administrator\Desktop\Projects\oasm
Timestamp: 20251217_171314

Format: [n/total] [Stage] [alias] | metrics

 · [1/52] bindings\bindings.rs | 10 LOC | 0 fn (1 pub, 1 unsafe) | Imports=0 | Logging: info=0 warn=0 error=0 println=0 | Structs=0 Enums=0 Derives=0 | Errors=None | Warnings=None | Tests=0 | Modified=2025-12-16 19:42 | CompileRoot=C:\Users\Administrator\Desktop\Projects\oasm\bindings
 · [2/52] bindings\Cargo.toml | 13 LOC | 0 fn (0 pub, 0 unsafe) | Imports=0 | Logging: info=0 warn=0 error=0 println=0 | Structs=0 Enums=0 Derives=0 | Errors=None | Warnings=None | Tests=0 | Modified=2025-12-16 19:42 | CompileRoot=C:\Users\Administrator\Desktop\Projects\oasm\bindings
 · [3/52] bindings\ffi.rs | 9 LOC | 0 fn (1 pub, 0 unsafe) | Imports=0 | Logging: info=0 warn=0 error=0 println=0 | Structs=0 Enums=0 Derives=0 | Errors=None | Warnings=None | Tests=0 | Modified=2025-12-16 19:42 | CompileRoot=C:\Users\Administrator\Desktop\Projects\oasm\bindings
 · [4/52] bindings\native_lib.c | 13 LOC | 0 fn (0 pub, 0 unsafe) | Imports=0 | Logging: info=0 warn=0 error=0 println=0 | Structs=0 Enums=0 Derives=0 | Errors=None | Warnings=None | Tests=0 | Modified=2025-12-16 19:42 | CompileRoot=C:\Users\Administrator\Desktop\Projects\oasm\bindings
 · [5/52] compiler\src\lib.rs | 26 LOC | 0 fn (1 pub, 0 unsafe) | Imports=4 | Logging: info=1 warn=0 error=3 println=0 | Structs=0 Enums=0 Derives=0 | Errors=None | Warnings=None | Tests=0 | Modified=2025-12-17 00:32
 · [6/52] compiler\Cargo.toml | 14 LOC | 0 fn (0 pub, 0 unsafe) | Imports=0 | Logging: info=0 warn=0 error=0 println=0 | Structs=0 Enums=0 Derives=0 | Errors=None | Warnings=None | Tests=0 | Modified=2025-12-17 01:38 | CompileRoot=C:\Users\Administrator\Desktop\Projects\oasm\compiler
 · [7/52] native_libs\fastmath\fastmath.cpp | 5 LOC | 0 fn (0 pub, 0 unsafe) | Imports=0 | Logging: info=0 warn=0 error=0 println=0 | Structs=0 Enums=0 Derives=0 | Errors=None | Warnings=None | Tests=0 | Modified=2025-12-16 19:21
 · [8/52] native_libs\pe_emitter_cpp\pe_emitter.cpp | 5 LOC | 0 fn (0 pub, 0 unsafe) | Imports=0 | Logging: info=0 warn=0 error=0 println=0 | Structs=0 Enums=0 Derives=0 | Errors=None | Warnings=None | Tests=0 | Modified=2025-12-16 19:21
 · [9/52] runtime\daemon\src\commit.rs | 19 LOC | 0 fn (2 pub, 0 unsafe) | Imports=4 | Logging: info=2 warn=0 error=0 println=0 | Structs=0 Enums=0 Derives=0 | Errors=None | Warnings=None | Tests=0 | Modified=2025-12-17 00:50
 · [10/52] runtime\daemon\src\converter.rs | 9 LOC | 0 fn (1 pub, 0 unsafe) | Imports=2 | Logging: info=1 warn=0 error=0 println=0 | Structs=0 Enums=0 Derives=0 | Errors=None | Warnings=None | Tests=0 | Modified=2025-12-17 00:50
 · [11/52] runtime\daemon\src\daemon.rs | 16 LOC | 0 fn (2 pub, 0 unsafe) | Imports=1 | Logging: info=1 warn=0 error=0 println=0 | Structs=1 Enums=0 Derives=0 | Errors=None | Warnings=None | Tests=0 | Modified=2025-12-17 00:50
 · [12/52] runtime\daemon\src\handler.rs | 22 LOC | 0 fn (2 pub, 0 unsafe) | Imports=1 | Logging: info=0 warn=0 error=2 println=0 | Structs=0 Enums=0 Derives=0 | Errors=None | Warnings=None | Tests=0 | Modified=2025-12-17 00:50
 · [13/52] runtime\daemon\src\lineage.rs | 37 LOC | 0 fn (2 pub, 0 unsafe) | Imports=5 | Logging: info=0 warn=0 error=0 println=0 | Structs=1 Enums=0 Derives=0 | Errors=None | Warnings=None | Tests=0 | Modified=2025-12-17 01:06
 · [14/52] runtime\daemon\src\main.rs | 41 LOC | 1 fn (0 pub, 0 unsafe) | Imports=0 | Logging: info=2 warn=1 error=2 println=0 | Structs=0 Enums=0 Derives=0 | Errors=None | Warnings=None | Tests=0 | Modified=2025-12-17 00:59 | CompileRoot=C:\Users\Administrator\Desktop\Projects\oasm\runtime\daemon\src
 · [15/52] runtime\daemon\src\parser.rs | 14 LOC | 0 fn (2 pub, 0 unsafe) | Imports=3 | Logging: info=1 warn=0 error=0 println=0 | Structs=0 Enums=0 Derives=0 | Errors=None | Warnings=None | Tests=0 | Modified=2025-12-17 00:50
 · [16/52] runtime\daemon\src\supervisor.rs | 77 LOC | 1 fn (1 pub, 0 unsafe) | Imports=5 | Logging: info=0 warn=0 error=0 println=0 | Structs=0 Enums=0 Derives=0 | Errors=None | Warnings=None | Tests=0 | Modified=2025-12-17 00:53
 · [17/52] runtime\daemon\src\types.rs | 25 LOC | 0 fn (0 pub, 0 unsafe) | Imports=1 | Logging: info=0 warn=0 error=0 println=0 | Structs=2 Enums=1 Derives=0 | Errors=None | Warnings=None | Tests=0 | Modified=2025-12-17 00:50
 · [18/52] runtime\daemon\src\validator.rs | 31 LOC | 0 fn (1 pub, 0 unsafe) | Imports=2 | Logging: info=0 warn=3 error=0 println=0 | Structs=0 Enums=0 Derives=0 | Errors=None | Warnings=None | Tests=0 | Modified=2025-12-17 01:06
 · [19/52] runtime\daemon\src\watch.rs | 45 LOC | 0 fn (0 pub, 0 unsafe) | Imports=5 | Logging: info=1 warn=0 error=0 println=0 | Structs=0 Enums=0 Derives=0 | Errors=None | Warnings=None | Tests=0 | Modified=2025-12-17 01:06
 · [20/52] runtime\daemon\tests\integration.rs | 13 LOC | 1 fn (0 pub, 0 unsafe) | Imports=0 | Logging: info=0 warn=0 error=0 println=0 | Structs=0 Enums=0 Derives=0 | Errors=None | Warnings=None | Tests=0 | Modified=2025-12-17 00:32
 · [21/52] runtime\daemon\Cargo.toml | 18 LOC | 0 fn (0 pub, 0 unsafe) | Imports=0 | Logging: info=0 warn=0 error=0 println=0 | Structs=0 Enums=0 Derives=0 | Errors=None | Warnings=None | Tests=0 | Modified=2025-12-17 01:38 | CompileRoot=C:\Users\Administrator\Desktop\Projects\oasm\runtime\daemon
 · [22/52] shells\cmd-wrapper\src\cmd_adapter.rs | 3 LOC | 0 fn (1 pub, 0 unsafe) | Imports=0 | Logging: info=0 warn=0 error=0 println=1 | Structs=0 Enums=0 Derives=0 | Errors=None | Warnings=None | Tests=0 | Modified=2025-12-16 19:29
 · [23/52] shells\oasm-shell\src\conpty.rs | 3 LOC | 0 fn (1 pub, 0 unsafe) | Imports=0 | Logging: info=0 warn=0 error=0 println=1 | Structs=0 Enums=0 Derives=0 | Errors=None | Warnings=None | Tests=0 | Modified=2025-12-16 19:28
 · [24/52] shells\oasm-shell\src\main.rs | 4 LOC | 1 fn (0 pub, 0 unsafe) | Imports=0 | Logging: info=0 warn=0 error=0 println=2 | Structs=0 Enums=0 Derives=0 | Errors=None | Warnings=None | Tests=0 | Modified=2025-12-16 19:28 | CompileRoot=C:\Users\Administrator\Desktop\Projects\oasm\shells\oasm-shell\src
 · [25/52] shells\oasm-shell\src\python_bridge.rs | 3 LOC | 0 fn (1 pub, 0 unsafe) | Imports=0 | Logging: info=0 warn=0 error=0 println=1 | Structs=0 Enums=0 Derives=0 | Errors=None | Warnings=None | Tests=0 | Modified=2025-12-16 19:29
 · [26/52] shells\oasm-shell\src\router.rs | 3 LOC | 0 fn (1 pub, 0 unsafe) | Imports=0 | Logging: info=0 warn=0 error=0 println=1 | Structs=0 Enums=0 Derives=0 | Errors=None | Warnings=None | Tests=0 | Modified=2025-12-16 19:28
 · [27/52] shells\oasm-shell\src\security.rs | 3 LOC | 0 fn (1 pub, 0 unsafe) | Imports=0 | Logging: info=0 warn=0 error=0 println=1 | Structs=0 Enums=0 Derives=0 | Errors=None | Warnings=None | Tests=0 | Modified=2025-12-16 19:28
 · [28/52] shells\oasm-shell\Cargo.toml | 8 LOC | 0 fn (0 pub, 0 unsafe) | Imports=0 | Logging: info=0 warn=0 error=0 println=0 | Structs=0 Enums=0 Derives=0 | Errors=None | Warnings=None | Tests=0 | Modified=2025-12-16 19:29 | CompileRoot=C:\Users\Administrator\Desktop\Projects\oasm\shells\oasm-shell
 · [29/52] ui\bindings\src\lib.rs | 12 LOC | 2 fn (0 pub, 0 unsafe) | Imports=1 | Logging: info=0 warn=0 error=0 println=0 | Structs=0 Enums=0 Derives=0 | Errors=None | Warnings=None | Tests=0 | Modified=2025-12-16 19:21
 · [30/52] ui\bindings\Cargo.toml | 8 LOC | 0 fn (0 pub, 0 unsafe) | Imports=0 | Logging: info=0 warn=0 error=0 println=0 | Structs=0 Enums=0 Derives=0 | Errors=None | Warnings=None | Tests=0 | Modified=2025-12-16 19:04 | CompileRoot=C:\Users\Administrator\Desktop\Projects\oasm\ui\bindings
 · [31/52] ui\python_ui_plugins\plugins\example_plugin.py | 2 LOC | 0 fn (0 pub, 0 unsafe) | Imports=0 | Logging: info=0 warn=0 error=0 println=0 | Structs=0 Enums=0 Derives=0 | Errors=None | Warnings=None | Tests=0 | Modified=2025-12-16 19:21
 · [32/52] ui\python_ui_plugins\pyproject.toml | 14 LOC | 0 fn (0 pub, 0 unsafe) | Imports=0 | Logging: info=0 warn=0 error=0 println=0 | Structs=0 Enums=0 Derives=0 | Errors=None | Warnings=None | Tests=0 | Modified=2025-12-16 19:41
 · [33/52] ui\rust_ui\bin\core_math\src\lib.rs | 27 LOC | 0 fn (0 pub, 0 unsafe) | Imports=1 | Logging: info=3 warn=1 error=0 println=0 | Structs=0 Enums=0 Derives=0 | Errors=None | Warnings=None | Tests=0 | Modified=2025-12-17 01:48
 · [34/52] ui\rust_ui\bin\core_math\Cargo.toml | 13 LOC | 0 fn (0 pub, 0 unsafe) | Imports=0 | Logging: info=0 warn=0 error=0 println=0 | Structs=0 Enums=0 Derives=0 | Errors=None | Warnings=None | Tests=0 | Modified=2025-12-16 21:32 | CompileRoot=C:\Users\Administrator\Desktop\Projects\oasm\ui\rust_ui\bin\core_math
 · [35/52] ui\rust_ui\bin\ipc_bridge\src\lib.rs | 20 LOC | 0 fn (0 pub, 0 unsafe) | Imports=2 | Logging: info=1 warn=0 error=0 println=0 | Structs=1 Enums=0 Derives=0 | Errors=None | Warnings=None | Tests=0 | Modified=2025-12-17 01:48
 · [36/52] ui\rust_ui\bin\ipc_bridge\Cargo.toml | 15 LOC | 0 fn (0 pub, 0 unsafe) | Imports=0 | Logging: info=0 warn=0 error=0 println=0 | Structs=0 Enums=0 Derives=0 | Errors=None | Warnings=None | Tests=0 | Modified=2025-12-16 21:32 | CompileRoot=C:\Users\Administrator\Desktop\Projects\oasm\ui\rust_ui\bin\ipc_bridge
 · [37/52] ui\rust_ui\bin\plugin_loader\src\lib.rs | 23 LOC | 0 fn (0 pub, 0 unsafe) | Imports=2 | Logging: info=3 warn=0 error=1 println=0 | Structs=0 Enums=0 Derives=0 | Errors=None | Warnings=None | Tests=0 | Modified=2025-12-17 01:48
 · [38/52] ui\rust_ui\bin\plugin_loader\Cargo.toml | 14 LOC | 0 fn (0 pub, 0 unsafe) | Imports=0 | Logging: info=0 warn=0 error=0 println=0 | Structs=0 Enums=0 Derives=0 | Errors=None | Warnings=None | Tests=0 | Modified=2025-12-16 21:32 | CompileRoot=C:\Users\Administrator\Desktop\Projects\oasm\ui\rust_ui\bin\plugin_loader
 · [39/52] ui\rust_ui\bin\validation\src\lib.rs | 12 LOC | 0 fn (0 pub, 0 unsafe) | Imports=2 | Logging: info=1 warn=0 error=0 println=0 | Structs=0 Enums=0 Derives=0 | Errors=None | Warnings=None | Tests=0 | Modified=2025-12-17 01:48
 · [40/52] ui\rust_ui\bin\validation\Cargo.toml | 14 LOC | 0 fn (0 pub, 0 unsafe) | Imports=0 | Logging: info=0 warn=0 error=0 println=0 | Structs=0 Enums=0 Derives=0 | Errors=None | Warnings=None | Tests=0 | Modified=2025-12-16 21:32 | CompileRoot=C:\Users\Administrator\Desktop\Projects\oasm\ui\rust_ui\bin\validation
 · [41/52] ui\rust_ui\bin\core_math.c | 4 LOC | 0 fn (0 pub, 0 unsafe) | Imports=0 | Logging: info=0 warn=0 error=0 println=0 | Structs=0 Enums=0 Derives=0 | Errors=None | Warnings=None | Tests=0 | Modified=2025-12-16 21:01
 · [42/52] ui\rust_ui\bin\ipc_bridge.c | 4 LOC | 0 fn (0 pub, 0 unsafe) | Imports=0 | Logging: info=0 warn=0 error=0 println=0 | Structs=0 Enums=0 Derives=0 | Errors=None | Warnings=None | Tests=0 | Modified=2025-12-16 21:01
 · [43/52] ui\rust_ui\bin\plugin_loader.c | 3 LOC | 0 fn (0 pub, 0 unsafe) | Imports=0 | Logging: info=0 warn=0 error=0 println=0 | Structs=0 Enums=0 Derives=0 | Errors=None | Warnings=None | Tests=0 | Modified=2025-12-16 21:01
 · [44/52] ui\rust_ui\bin\validation.c | 3 LOC | 0 fn (0 pub, 0 unsafe) | Imports=0 | Logging: info=0 warn=0 error=0 println=0 | Structs=0 Enums=0 Derives=0 | Errors=None | Warnings=None | Tests=0 | Modified=2025-12-16 21:01
 · [45/52] ui\rust_ui\src\config.rs | 95 LOC | 0 fn (3 pub, 0 unsafe) | Imports=4 | Logging: info=5 warn=5 error=2 println=0 | Structs=2 Enums=1 Derives=0 | Errors=None | Warnings=None | Tests=0 | Modified=2025-12-17 01:50
 · [46/52] ui\rust_ui\src\main.rs | 40 LOC | 0 fn (0 pub, 0 unsafe) | Imports=4 | Logging: info=3 warn=1 error=3 println=0 | Structs=0 Enums=0 Derives=0 | Errors=None | Warnings=None | Tests=0 | Modified=2025-12-16 21:32 | CompileRoot=C:\Users\Administrator\Desktop\Projects\oasm\ui\rust_ui\src
 · [47/52] ui\rust_ui\src\python_bridge.rs | 8 LOC | 0 fn (1 pub, 0 unsafe) | Imports=0 | Logging: info=0 warn=0 error=0 println=1 | Structs=0 Enums=0 Derives=0 | Errors=None | Warnings=None | Tests=0 | Modified=2025-12-16 19:41
 · [48/52] ui\rust_ui\src\startup.rs | 31 LOC | 0 fn (2 pub, 0 unsafe) | Imports=4 | Logging: info=1 warn=1 error=0 println=0 | Structs=0 Enums=0 Derives=0 | Errors=None | Warnings=None | Tests=0 | Modified=2025-12-17 01:50
 · [49/52] ui\rust_ui\src\terminal.rs | 8 LOC | 0 fn (1 pub, 0 unsafe) | Imports=0 | Logging: info=0 warn=0 error=0 println=1 | Structs=0 Enums=0 Derives=0 | Errors=None | Warnings=None | Tests=0 | Modified=2025-12-16 19:41
 · [50/52] ui\rust_ui\src\validation.rs | 62 LOC | 0 fn (4 pub, 1 unsafe) | Imports=4 | Logging: info=4 warn=0 error=2 println=0 | Structs=0 Enums=0 Derives=0 | Errors=None | Warnings=None | Tests=0 | Modified=2025-12-16 22:38
 · [51/52] ui\rust_ui\Cargo.toml | 28 LOC | 0 fn (0 pub, 0 unsafe) | Imports=0 | Logging: info=0 warn=0 error=0 println=0 | Structs=0 Enums=0 Derives=0 | Errors=None | Warnings=None | Tests=0 | Modified=2025-12-16 21:32 | CompileRoot=C:\Users\Administrator\Desktop\Projects\oasm\ui\rust_ui
 · [52/52] Cargo.toml | 7 LOC | 0 fn (0 pub, 0 unsafe) | Imports=0 | Logging: info=0 warn=0 error=0 println=0 | Structs=0 Enums=0 Derives=0 | Errors=None | Warnings=None | Tests=0 | Modified=2025-12-17 01:38 | CompileRoot=C:\Users\Administrator\Desktop\Projects\oasm

Summary: 52 dirs, 52 files, 956 LOC
