   Compiling regex v1.12.2
   Compiling tracing-subscriber v0.3.22
   Compiling generic-array v0.14.7
warning: rust_ui@0.1.0: Using Python from env override: C:\Users\Administrator\AppData\Local\Programs\Python\Python312\python.exe
   Compiling syn v2.0.111
   Compiling env_filter v0.1.4
   Compiling env_logger v0.11.8
   Compiling block-buffer v0.10.4
   Compiling crypto-common v0.1.7
   Compiling digest v0.10.7
   Compiling sha2 v0.10.9
   Compiling serde_derive v1.0.228
   Compiling tokio-macros v2.6.0
   Compiling tracing-attributes v0.1.31
   Compiling clap_derive v4.5.49
   Compiling thiserror-impl v1.0.69
   Compiling tokio v1.48.0
   Compiling tracing v0.1.43
   Compiling thiserror v1.0.69
   Compiling clap v4.5.53
   Compiling validation v0.1.0 (C:\Users\Administrator\Desktop\Projects\oasm\ui\rust_ui\bin\validation)
   Compiling plugin_loader v0.1.0 (C:\Users\Administrator\Desktop\Projects\oasm\ui\rust_ui\bin\plugin_loader)
   Compiling core_math v0.1.0 (C:\Users\Administrator\Desktop\Projects\oasm\ui\rust_ui\bin\core_math)
   Compiling serde v1.0.228
   Compiling serde_cbor v0.11.2
   Compiling serde_yaml v0.9.34+deprecated
   Compiling ipc_bridge v0.1.0 (C:\Users\Administrator\Desktop\Projects\oasm\ui\rust_ui\bin\ipc_bridge)
   Compiling runtime_daemon v0.1.0 (C:\Users\Administrator\Desktop\Projects\oasm\runtime\daemon)
   Compiling compiler v0.1.0 (C:\Users\Administrator\Desktop\Projects\oasm\compiler)
   Compiling rust_ui v0.1.0 (C:\Users\Administrator\Desktop\Projects\oasm\ui\rust_ui)
warning: function `validate_library` is never used
  --> ui\rust_ui\src\validation.rs:17:8
   |
17 | pub fn validate_library(path: &str) -> Result<()> {
   |        ^^^^^^^^^^^^^^^^
   |
   = note: `#[warn(dead_code)]` on by default

warning: field `validated` is never read
  --> ui\rust_ui\src\config.rs:21:9
   |
18 | pub struct ModuleState {
   |            ----------- field in this struct
...
21 |     pub validated: bool,
   |         ^^^^^^^^^
   |
   = note: `ModuleState` has derived impls for the traits `Clone` and `Debug`, but these are intentionally ignored during dead code analysis

warning: fields `version` and `lifecycle` are never read
  --> ui\rust_ui\src\config.rs:28:9
   |
26 | pub struct AppState {
   |            -------- fields in this struct
27 |     pub profile_name: String,
28 |     pub version: Option<String>,
   |         ^^^^^^^
29 |     pub environment: Option<String>,
30 |     pub lifecycle: Lifecycle,
   |         ^^^^^^^^^
   |
   = note: `AppState` has derived impls for the traits `Clone` and `Debug`, but these are intentionally ignored during dead code analysis

warning: function `validate_state` is never used
  --> ui\rust_ui\src\config.rs:62:8
   |
62 | pub fn validate_state(state: &AppState) -> Result<()> {
   |        ^^^^^^^^^^^^^^

warning: function `set_lifecycle` is never used
  --> ui\rust_ui\src\config.rs:92:8
   |
92 | pub fn set_lifecycle(state: &mut AppState, phase: Lifecycle) {
   |        ^^^^^^^^^^^^^

warning: function `append_line` is never used
  --> runtime\daemon\src\commit.rs:14:8
   |
14 | pub fn append_line(path: &str, line: &str) -> Result<()> {
   |        ^^^^^^^^^^^
   |
   = note: `#[warn(dead_code)]` on by default

warning: `rust_ui` (bin "rust_ui") generated 5 warnings
warning: `runtime_daemon` (bin "runtime_daemon") generated 1 warning
    Finished `dev` profile [unoptimized + debuginfo] target(s) in 7.79s
