2025-12-17T16:36:42.8599091-06:00 BLK @{n=1; total=130; stage=Structure; alias=bindings\bindings.rs; relPath=bindings\bindings.rs; progress=[///////////////]; crit=0; block=0; warn=0; compileRoot=C:\Users\Administrator\Desktop\Projects\oasm\bindings}.relPath:4 unsafe fn missing safety docs
2025-12-17T16:36:42.8626789-06:00 WRN @{n=2; total=130; stage=Structure; alias=bindings\build.rs; relPath=bindings\build.rs; progress=[///////////////]; crit=0; block=0; warn=0; compileRoot=C:\Users\Administrator\Desktop\Projects\oasm\bindings}.relPath:2 println! used; prefer log::info!
2025-12-17T16:36:42.8814065-06:00 WRN @{n=17; total=130; stage=Structure; alias=src\supervisor.rs; relPath=runtime\daemon\src\supervisor.rs; progress=[///////////////]; crit=0; block=0; warn=0; compileRoot=}.relPath:32 redundant clone
2025-12-17T16:36:42.8884738-06:00 WRN @{n=19; total=130; stage=Structure; alias=src\validator.rs; relPath=runtime\daemon\src\validator.rs; progress=[///////////////]; crit=0; block=0; warn=0; compileRoot=}.relPath:5 redundant clone
2025-12-17T16:36:42.8966917-06:00 WRN @{n=23; total=130; stage=Structure; alias=src\cmd_adapter.rs; relPath=shells\cmd-wrapper\src\cmd_adapter.rs; progress=[///////////////]; crit=0; block=0; warn=0; compileRoot=}.relPath:2 println! used; prefer log::info!
2025-12-17T16:36:42.9028979-06:00 WRN @{n=24; total=130; stage=Structure; alias=src\conpty.rs; relPath=shells\oasm-shell\src\conpty.rs; progress=[///////////////]; crit=0; block=0; warn=0; compileRoot=}.relPath:2 println! used; prefer log::info!
2025-12-17T16:36:42.9094288-06:00 WRN @{n=25; total=130; stage=Structure; alias=src\main.rs; relPath=shells\oasm-shell\src\main.rs; progress=[///////////////]; crit=0; block=0; warn=0; compileRoot=C:\Users\Administrator\Desktop\Projects\oasm\shells\oasm-shell\src}.relPath:2 println! used; prefer log::info!
2025-12-17T16:36:42.9145160-06:00 WRN @{n=25; total=130; stage=Structure; alias=src\main.rs; relPath=shells\oasm-shell\src\main.rs; progress=[///////////////]; crit=0; block=0; warn=0; compileRoot=C:\Users\Administrator\Desktop\Projects\oasm\shells\oasm-shell\src}.relPath:3 println! used; prefer log::info!
2025-12-17T16:36:42.9200791-06:00 WRN @{n=26; total=130; stage=Structure; alias=src\python_bridge.rs; relPath=shells\oasm-shell\src\python_bridge.rs; progress=[///////////////]; crit=0; block=0; warn=0; compileRoot=}.relPath:2 println! used; prefer log::info!
2025-12-17T16:36:42.9252130-06:00 WRN @{n=27; total=130; stage=Structure; alias=src\router.rs; relPath=shells\oasm-shell\src\router.rs; progress=[///////////////]; crit=0; block=0; warn=0; compileRoot=}.relPath:2 println! used; prefer log::info!
2025-12-17T16:36:42.9305535-06:00 WRN @{n=28; total=130; stage=Structure; alias=src\security.rs; relPath=shells\oasm-shell\src\security.rs; progress=[///////////////]; crit=0; block=0; warn=0; compileRoot=}.relPath:2 println! used; prefer log::info!
2025-12-17T16:36:43.9195827-06:00 WRN @{n=99; total=130; stage=Structure; alias=src\config.rs; relPath=ui\rust_ui\src\config.rs; progress=[///////////////]; crit=0; block=0; warn=0; compileRoot=}.relPath:93 redundant clone
2025-12-17T16:36:43.9298053-06:00 WRN @{n=101; total=130; stage=Structure; alias=src\python_bridge.rs; relPath=ui\rust_ui\src\python_bridge.rs; progress=[///////////////]; crit=0; block=0; warn=0; compileRoot=}.relPath:2 println! used; prefer log::info!
2025-12-17T16:36:43.9375188-06:00 WRN @{n=103; total=130; stage=Structure; alias=src\terminal.rs; relPath=ui\rust_ui\src\terminal.rs; progress=[///////////////]; crit=0; block=0; warn=0; compileRoot=}.relPath:2 println! used; prefer log::info!
2025-12-17T16:36:43.9442955-06:00 BLK @{n=104; total=130; stage=Structure; alias=src\validation.rs; relPath=ui\rust_ui\src\validation.rs; progress=[///////////////]; crit=0; block=0; warn=0; compileRoot=}.relPath:28 unsafe fn missing safety docs
2025-12-17T16:36:44.4669030-06:00 WRN @{n=128; total=130; stage=Structure; alias=rust_ui\build.rs; relPath=ui\rust_ui\build.rs; progress=[///////////////]; crit=0; block=0; warn=0; compileRoot=C:\Users\Administrator\Desktop\Projects\oasm\ui\rust_ui}.relPath:7 println! used; prefer log::info!
2025-12-17T16:36:44.4744057-06:00 WRN @{n=128; total=130; stage=Structure; alias=rust_ui\build.rs; relPath=ui\rust_ui\build.rs; progress=[///////////////]; crit=0; block=0; warn=0; compileRoot=C:\Users\Administrator\Desktop\Projects\oasm\ui\rust_ui}.relPath:8 println! used; prefer log::info!
2025-12-17T16:36:44.4798516-06:00 WRN @{n=128; total=130; stage=Structure; alias=rust_ui\build.rs; relPath=ui\rust_ui\build.rs; progress=[///////////////]; crit=0; block=0; warn=0; compileRoot=C:\Users\Administrator\Desktop\Projects\oasm\ui\rust_ui}.relPath:16 println! used; prefer log::info!
2025-12-17T16:36:44.4841919-06:00 WRN @{n=128; total=130; stage=Structure; alias=rust_ui\build.rs; relPath=ui\rust_ui\build.rs; progress=[///////////////]; crit=0; block=0; warn=0; compileRoot=C:\Users\Administrator\Desktop\Projects\oasm\ui\rust_ui}.relPath:17 println! used; prefer log::info!
2025-12-17T16:36:44.4896077-06:00 WRN @{n=128; total=130; stage=Structure; alias=rust_ui\build.rs; relPath=ui\rust_ui\build.rs; progress=[///////////////]; crit=0; block=0; warn=0; compileRoot=C:\Users\Administrator\Desktop\Projects\oasm\ui\rust_ui}.relPath:23 println! used; prefer log::info!
2025-12-17T16:36:44.4941079-06:00 WRN @{n=128; total=130; stage=Structure; alias=rust_ui\build.rs; relPath=ui\rust_ui\build.rs; progress=[///////////////]; crit=0; block=0; warn=0; compileRoot=C:\Users\Administrator\Desktop\Projects\oasm\ui\rust_ui}.relPath:24 println! used; prefer log::info!
